[2023-04-25T17:57:26.294067+00:00] default.WARNING: Conexión abierta [] []
[2023-04-25T17:57:26.296862+00:00] default.WARNING: Conexión cerrada [] []
[2023-04-25T18:12:23.525700+00:00] default.WARNING: Conexión abierta [] []
[2023-04-25T18:12:23.527369+00:00] default.WARNING: Conexión cerrada [] []
[2023-04-25T18:12:24.808253+00:00] default.WARNING: Conexión abierta [] []
[2023-04-25T18:12:24.809393+00:00] default.WARNING: Conexión cerrada [] []
[2023-04-25T18:12:25.274486+00:00] default.WARNING: Conexión abierta [] []
[2023-04-25T18:12:25.276039+00:00] default.WARNING: Conexión cerrada [] []
[2023-04-25T18:12:32.581632+00:00] default.WARNING: Conexión abierta [] []
[2023-04-25T18:12:32.584735+00:00] default.WARNING: Conexión cerrada [] []
[2023-04-25T18:13:15.993318+00:00] default.WARNING: probando validar country:3 [] []
[2023-04-25T18:13:15.994064+00:00] default.WARNING: Conexión abierta [] []
[2023-04-25T18:13:15.994496+00:00] default.WARNING: 1 [] []
[2023-04-25T18:13:15.995215+00:00] default.WARNING: Conexión cerrada [] []
[2023-04-25T18:13:16.001233+00:00] default.WARNING: Conexión abierta [] []
[2023-04-25T18:13:16.004967+00:00] default.WARNING: Conexión cerrada [] []
[2023-04-25T18:13:28.479266+00:00] default.WARNING: probando validar country:0 [] []
[2023-04-25T18:13:28.484933+00:00] default.WARNING: Conexión abierta [] []
[2023-04-25T18:13:28.485432+00:00] default.WARNING:  [] []
[2023-04-25T18:13:28.486905+00:00] default.WARNING: Conexión cerrada [] []
[2023-04-25T18:14:01.490258+00:00] default.WARNING: probando validar country:0 [] []
[2023-04-25T18:14:01.490744+00:00] default.WARNING: Conexión abierta [] []
[2023-04-25T18:14:01.491244+00:00] default.WARNING:  [] []
[2023-04-25T18:14:01.492232+00:00] default.WARNING: Conexión cerrada [] []
[2023-04-25T18:14:45.966686+00:00] default.WARNING: probando validar country:0 [] []
[2023-04-25T18:14:45.968168+00:00] default.WARNING: Conexión abierta [] []
[2023-04-25T18:14:45.968866+00:00] default.WARNING:  [] []
[2023-04-25T18:14:45.970577+00:00] default.WARNING: Conexión cerrada [] []
[2023-04-25T18:14:52.222074+00:00] default.WARNING: Conexión abierta [] []
[2023-04-25T18:14:52.225698+00:00] default.WARNING: Conexión cerrada [] []
[2023-04-25T18:14:55.310793+00:00] default.WARNING: probando validar country:0 [] []
[2023-04-25T18:14:55.321167+00:00] default.WARNING: Conexión abierta [] []
[2023-04-25T18:14:55.322051+00:00] default.WARNING:  [] []
[2023-04-25T18:14:55.358354+00:00] default.WARNING: Conexión cerrada [] []
[2023-04-25T18:16:00.292787+00:00] default.WARNING: Conexión abierta [] []
[2023-04-25T18:16:00.294246+00:00] default.WARNING: Conexión cerrada [] []
[2023-04-25T18:16:05.799559+00:00] default.WARNING: probando validar country:0 [] []
[2023-04-25T18:16:05.800078+00:00] default.WARNING: Conexión abierta [] []
[2023-04-25T18:16:05.800646+00:00] default.WARNING:  [] []
[2023-04-25T18:16:05.801989+00:00] default.WARNING: Conexión cerrada [] []
[2023-04-25T18:16:29.375528+00:00] default.WARNING: probando validar country:0 [] []
[2023-04-25T18:16:29.376162+00:00] default.WARNING: Conexión abierta [] []
[2023-04-25T18:16:29.376646+00:00] default.WARNING:  [] []
[2023-04-25T18:16:29.378113+00:00] default.WARNING: Conexión cerrada [] []
[2023-04-25T18:17:34.210982+00:00] default.WARNING: Conexión abierta [] []
[2023-04-25T18:17:34.212603+00:00] default.WARNING: Conexión cerrada [] []
[2023-04-25T18:17:36.006737+00:00] default.WARNING: Conexión abierta [] []
[2023-04-25T18:17:36.008063+00:00] default.WARNING: Conexión cerrada [] []
[2023-04-25T18:17:43.708170+00:00] default.WARNING: probando validar country:0 [] []
[2023-04-25T18:17:43.708659+00:00] default.WARNING: Conexión abierta [] []
[2023-04-25T18:17:43.709197+00:00] default.WARNING:  [] []
[2023-04-25T18:17:43.710645+00:00] default.WARNING: Conexión cerrada [] []
[2023-04-25T18:17:51.765745+00:00] default.WARNING: probando validar country:4 [] []
[2023-04-25T18:17:51.766279+00:00] default.WARNING: Conexión abierta [] []
[2023-04-25T18:17:51.766905+00:00] default.WARNING: 1 [] []
[2023-04-25T18:17:51.768754+00:00] default.WARNING: Conexión cerrada [] []
[2023-04-25T18:17:51.773315+00:00] default.WARNING: Conexión abierta [] []
[2023-04-25T18:17:51.774825+00:00] default.WARNING: Conexión cerrada [] []
[2023-04-25T18:21:31.548321+00:00] default.WARNING: Conexión abierta [] []
[2023-04-25T18:21:31.552436+00:00] default.WARNING: Conexión cerrada [] []
[2023-04-25T18:21:34.951933+00:00] default.WARNING: Conexión abierta [] []
[2023-04-25T18:21:34.952696+00:00] default.WARNING: Conexión cerrada [] []
[2023-04-25T18:21:34.956738+00:00] default.WARNING: Conexión abierta [] []
[2023-04-25T18:21:34.958406+00:00] default.WARNING: Conexión cerrada [] []
[2023-04-25T18:21:39.573379+00:00] default.WARNING: Conexión abierta [] []
[2023-04-25T18:21:39.578168+00:00] default.WARNING: Conexión cerrada [] []
[2023-04-25T18:21:39.583784+00:00] default.WARNING: Conexión abierta [] []
[2023-04-25T18:21:39.588867+00:00] default.WARNING: Conexión cerrada [] []
[2023-04-25T18:29:26.265793+00:00] default.WARNING: Conexión abierta [] []
[2023-04-25T18:29:26.267660+00:00] default.WARNING: Conexión cerrada [] []
[2023-04-25T18:29:27.506924+00:00] default.WARNING: Conexión abierta [] []
[2023-04-25T18:29:27.508042+00:00] default.WARNING: Conexión cerrada [] []
[2023-04-25T18:29:28.708568+00:00] default.WARNING: Conexión abierta [] []
[2023-04-25T18:29:28.709793+00:00] default.WARNING: Conexión cerrada [] []
[2023-04-25T18:33:26.818367+00:00] default.WARNING: Conexión abierta [] []
[2023-04-25T18:33:26.821235+00:00] default.WARNING: probando validar country:0 [] []
[2023-04-25T18:33:26.821861+00:00] default.WARNING:  [] []
[2023-04-25T18:33:26.823401+00:00] default.WARNING: Conexión cerrada [] []
[2023-04-25T18:33:30.728672+00:00] default.WARNING: Conexión abierta [] []
[2023-04-25T18:33:30.732642+00:00] default.WARNING: probando validar country:0 [] []
[2023-04-25T18:33:30.733160+00:00] default.WARNING:  [] []
[2023-04-25T18:33:30.734071+00:00] default.WARNING: Conexión cerrada [] []
[2023-04-25T18:33:31.236874+00:00] default.WARNING: Conexión abierta [] []
[2023-04-25T18:33:31.237879+00:00] default.WARNING: probando validar country:0 [] []
[2023-04-25T18:33:31.240718+00:00] default.WARNING:  [] []
[2023-04-25T18:33:31.241558+00:00] default.WARNING: Conexión cerrada [] []
[2023-04-25T18:33:31.675622+00:00] default.WARNING: Conexión abierta [] []
[2023-04-25T18:33:31.676426+00:00] default.WARNING: probando validar country:0 [] []
[2023-04-25T18:33:31.676978+00:00] default.WARNING:  [] []
[2023-04-25T18:33:31.677671+00:00] default.WARNING: Conexión cerrada [] []
[2023-04-25T18:33:31.957169+00:00] default.WARNING: Conexión abierta [] []
[2023-04-25T18:33:31.958033+00:00] default.WARNING: probando validar country:0 [] []
[2023-04-25T18:33:31.958467+00:00] default.WARNING:  [] []
[2023-04-25T18:33:31.959266+00:00] default.WARNING: Conexión cerrada [] []
[2023-04-25T18:33:37.464737+00:00] default.WARNING: Conexión abierta [] []
[2023-04-25T18:33:37.468370+00:00] default.WARNING: probando validar country:0 [] []
[2023-04-25T18:33:37.469079+00:00] default.WARNING:  [] []
[2023-04-25T18:33:37.469917+00:00] default.WARNING: Conexión cerrada [] []
[2023-04-25T18:33:38.242132+00:00] default.WARNING: Conexión abierta [] []
[2023-04-25T18:33:38.243105+00:00] default.WARNING: probando validar country:0 [] []
[2023-04-25T18:33:38.243388+00:00] default.WARNING:  [] []
[2023-04-25T18:33:38.243971+00:00] default.WARNING: Conexión cerrada [] []
[2023-04-25T18:34:01.540357+00:00] default.WARNING: Conexión abierta [] []
[2023-04-25T18:34:01.542027+00:00] default.WARNING: probando validar country:0 [] []
[2023-04-25T18:34:01.542627+00:00] default.WARNING:  [] []
[2023-04-25T18:34:01.543432+00:00] default.WARNING: Conexión cerrada [] []
[2023-04-25T18:34:13.885798+00:00] default.WARNING: Conexión abierta [] []
[2023-04-25T18:34:13.888043+00:00] default.WARNING: probando validar country:0 [] []
[2023-04-25T18:34:13.888954+00:00] default.WARNING:  [] []
[2023-04-25T18:34:13.890040+00:00] default.WARNING: Conexión cerrada [] []
[2023-04-25T18:34:20.340398+00:00] default.WARNING: Conexión abierta [] []
[2023-04-25T18:34:20.342331+00:00] default.WARNING: probando validar country:2 [] []
[2023-04-25T18:34:20.344038+00:00] default.WARNING: 1 [] []
[2023-04-25T18:34:20.348242+00:00] default.WARNING: Conexión cerrada [] []
[2023-04-25T18:34:31.596273+00:00] default.WARNING: Conexión abierta [] []
[2023-04-25T18:34:31.597296+00:00] default.WARNING: probando validar country:2 [] []
[2023-04-25T18:34:31.597869+00:00] default.WARNING: 1 [] []
[2023-04-25T18:34:31.598432+00:00] default.WARNING: Conexión cerrada [] []
[2023-04-25T18:34:31.602987+00:00] default.WARNING: Conexión abierta [] []
[2023-04-25T18:34:31.605458+00:00] default.WARNING: Conexión cerrada [] []
[2023-04-25T18:34:55.797549+00:00] default.WARNING: probando validar country:4 [] []
[2023-04-25T18:34:55.798556+00:00] default.WARNING: Conexión abierta [] []
[2023-04-25T18:34:55.800230+00:00] default.WARNING: 1 [] []
[2023-04-25T18:34:55.801869+00:00] default.WARNING: Conexión cerrada [] []
[2023-04-25T18:34:55.805885+00:00] default.WARNING: Conexión abierta [] []
[2023-04-25T18:34:55.807195+00:00] default.WARNING: Conexión cerrada [] []
[2023-04-25T18:34:59.812560+00:00] default.WARNING: Conexión abierta [] []
[2023-04-25T18:34:59.814526+00:00] default.WARNING: Conexión cerrada [] []
[2023-04-25T18:35:03.346491+00:00] default.WARNING: Conexión abierta [] []
[2023-04-25T18:35:03.350624+00:00] default.WARNING: probando validar country:0 [] []
[2023-04-25T18:35:03.350980+00:00] default.WARNING:  [] []
[2023-04-25T18:35:03.351613+00:00] default.WARNING: Conexión cerrada [] []
[2023-04-25T18:35:09.504778+00:00] default.WARNING: Conexión abierta [] []
[2023-04-25T18:35:09.506025+00:00] default.WARNING: probando validar country:1 [] []
[2023-04-25T18:35:09.506433+00:00] default.WARNING: 1 [] []
[2023-04-25T18:35:09.507238+00:00] default.WARNING: Conexión cerrada [] []
[2023-04-25T18:35:19.106184+00:00] default.WARNING: Conexión abierta [] []
[2023-04-25T18:35:19.107440+00:00] default.WARNING: probando validar country:1 [] []
[2023-04-25T18:35:19.107991+00:00] default.WARNING: 1 [] []
[2023-04-25T18:35:19.109042+00:00] default.WARNING: Conexión cerrada [] []
[2023-04-25T18:35:19.118188+00:00] default.WARNING: Conexión abierta [] []
[2023-04-25T18:35:19.120153+00:00] default.WARNING: Conexión cerrada [] []
[2023-04-25T18:35:30.728215+00:00] default.WARNING: Conexión abierta [] []
[2023-04-25T18:35:30.730899+00:00] default.WARNING: Conexión cerrada [] []
[2023-04-25T18:35:35.202651+00:00] default.WARNING: Conexión abierta [] []
[2023-04-25T18:35:35.204574+00:00] default.WARNING: probando validar country:3 [] []
[2023-04-25T18:35:35.205226+00:00] default.WARNING: 1 [] []
[2023-04-25T18:35:35.205975+00:00] default.WARNING: Conexión cerrada [] []
[2023-04-25T18:35:35.210210+00:00] default.WARNING: Conexión abierta [] []
[2023-04-25T18:35:35.211480+00:00] default.WARNING: Conexión cerrada [] []
[2023-04-25T18:35:37.733086+00:00] default.WARNING: Conexión abierta [] []
[2023-04-25T18:35:37.750115+00:00] default.WARNING: Conexión cerrada [] []
[2023-04-25T18:35:39.927051+00:00] default.WARNING: Conexión abierta [] []
[2023-04-25T18:35:39.928268+00:00] default.WARNING: probando validar country:3 [] []
[2023-04-25T18:35:39.929223+00:00] default.WARNING: 1 [] []
[2023-04-25T18:35:39.931679+00:00] default.WARNING: Conexión cerrada [] []
[2023-04-25T18:35:39.936717+00:00] default.WARNING: Conexión abierta [] []
[2023-04-25T18:35:39.939330+00:00] default.WARNING: Conexión cerrada [] []
[2023-04-25T18:35:43.568805+00:00] default.WARNING: Conexión abierta [] []
[2023-04-25T18:35:43.570072+00:00] default.WARNING: Conexión cerrada [] []
[2023-04-25T18:35:49.212558+00:00] default.WARNING: Conexión abierta [] []
[2023-04-25T18:35:49.218436+00:00] default.WARNING: probando validar country:3 [] []
[2023-04-25T18:35:49.218860+00:00] default.WARNING: 1 [] []
[2023-04-25T18:35:49.219528+00:00] default.WARNING: Conexión cerrada [] []
[2023-04-25T18:35:58.560380+00:00] default.WARNING: Conexión abierta [] []
[2023-04-25T18:35:58.561375+00:00] default.WARNING: probando validar country:3 [] []
[2023-04-25T18:35:58.562244+00:00] default.WARNING: 1 [] []
[2023-04-25T18:35:58.565713+00:00] default.WARNING: Conexión cerrada [] []
[2023-04-25T18:35:58.570261+00:00] default.WARNING: Conexión abierta [] []
[2023-04-25T18:35:58.571692+00:00] default.WARNING: Conexión cerrada [] []
[2023-04-25T18:38:48.181666+00:00] default.WARNING: Conexión abierta [] []
[2023-04-25T18:38:48.186225+00:00] default.WARNING: Conexión cerrada [] []
[2023-04-25T18:38:54.018500+00:00] default.WARNING: probando validar country:0 [] []
[2023-04-25T18:38:54.019728+00:00] default.WARNING: Conexión abierta [] []
[2023-04-25T18:38:54.020764+00:00] default.WARNING:  [] []
[2023-04-25T18:38:54.022590+00:00] default.WARNING: Conexión cerrada [] []
[2023-04-25T18:38:57.136476+00:00] default.WARNING: probando validar country:2 [] []
[2023-04-25T18:38:57.137061+00:00] default.WARNING: Conexión abierta [] []
[2023-04-25T18:38:57.137887+00:00] default.WARNING: 1 [] []
[2023-04-25T18:38:57.139397+00:00] default.WARNING: Conexión cerrada [] []
[2023-04-25T18:39:04.504204+00:00] default.WARNING: probando validar country:2 [] []
[2023-04-25T18:39:04.504890+00:00] default.WARNING: Conexión abierta [] []
[2023-04-25T18:39:04.505813+00:00] default.WARNING: 1 [] []
[2023-04-25T18:39:04.507415+00:00] default.WARNING: Conexión cerrada [] []
[2023-04-25T18:39:04.511445+00:00] default.WARNING: Conexión abierta [] []
[2023-04-25T18:39:04.513220+00:00] default.WARNING: Conexión cerrada [] []
[2023-04-25T18:39:08.159612+00:00] default.WARNING: Conexión abierta [] []
[2023-04-25T18:39:08.160790+00:00] default.WARNING: Conexión cerrada [] []
[2023-04-25T18:39:16.969614+00:00] default.WARNING: Conexión abierta [] []
[2023-04-25T18:39:16.970982+00:00] default.WARNING: probando validar country:2 [] []
[2023-04-25T18:39:16.971522+00:00] default.WARNING: 1 [] []
[2023-04-25T18:39:16.972515+00:00] default.WARNING: Conexión cerrada [] []
[2023-04-25T18:39:16.976954+00:00] default.WARNING: Conexión abierta [] []
[2023-04-25T18:39:16.978327+00:00] default.WARNING: Conexión cerrada [] []
[2023-04-25T18:39:20.987072+00:00] default.WARNING: Conexión abierta [] []
[2023-04-25T18:39:20.987832+00:00] default.WARNING: Conexión cerrada [] []
[2023-04-25T18:39:20.991805+00:00] default.WARNING: Conexión abierta [] []
[2023-04-25T18:39:20.993508+00:00] default.WARNING: Conexión cerrada [] []
[2023-04-26T16:06:58.711746+00:00] default.WARNING: Conexión abierta [] []
[2023-04-26T16:06:58.723788+00:00] default.WARNING: Conexión cerrada [] []
[2023-04-26T16:08:08.332788+00:00] default.WARNING: Conexión abierta [] []
[2023-04-26T16:08:08.334420+00:00] default.WARNING: Conexión cerrada [] []
[2023-04-26T16:08:35.784874+00:00] default.WARNING: Conexión abierta [] []
[2023-04-26T16:08:35.788178+00:00] default.WARNING: Conexión cerrada [] []
[2023-04-26T16:08:39.983507+00:00] default.WARNING: Conexión abierta [] []
[2023-04-26T16:08:39.985189+00:00] default.WARNING: Conexión cerrada [] []
[2023-04-26T16:33:03.316275+00:00] default.WARNING: Conexión abierta [] []
[2023-04-26T16:33:03.319128+00:00] default.WARNING: Conexión cerrada [] []
[2023-04-26T16:33:55.635265+00:00] default.WARNING: Conexión abierta [] []
[2023-04-26T16:33:55.636981+00:00] default.WARNING: Conexión cerrada [] []
[2023-04-26T16:34:45.765474+00:00] default.WARNING: Conexión abierta [] []
[2023-04-26T16:34:45.766924+00:00] default.WARNING: Conexión cerrada [] []
[2023-04-26T16:37:06.389246+00:00] default.WARNING: Conexión abierta [] []
[2023-04-26T16:37:06.390402+00:00] default.WARNING: Conexión cerrada [] []
[2023-04-26T16:53:23.408989+00:00] default.WARNING: Conexión abierta [] []
[2023-04-26T16:53:23.411217+00:00] default.WARNING: Conexión cerrada [] []
[2023-04-26T16:53:24.891253+00:00] default.WARNING: Conexión abierta [] []
[2023-04-26T16:53:24.892048+00:00] default.WARNING: Conexión cerrada [] []
[2023-04-26T16:58:47.341179+00:00] default.WARNING: Conexión abierta [] []
[2023-04-26T16:58:47.343179+00:00] default.WARNING: Conexión cerrada [] []
[2023-04-26T16:58:47.348835+00:00] default.WARNING: Conexión abierta [] []
[2023-04-26T16:58:47.350943+00:00] default.WARNING: Conexión cerrada [] []
[2023-04-26T16:59:18.249869+00:00] default.WARNING: Conexión abierta [] []
[2023-04-26T16:59:18.250741+00:00] default.WARNING: Conexión cerrada [] []
[2023-04-26T16:59:18.255920+00:00] default.WARNING: Conexión abierta [] []
[2023-04-26T16:59:18.257377+00:00] default.WARNING: Conexión cerrada [] []
[2023-04-26T16:59:42.743907+00:00] default.WARNING: Conexión abierta [] []
[2023-04-26T16:59:42.745129+00:00] default.WARNING: Conexión cerrada [] []
[2023-04-26T16:59:42.749960+00:00] default.WARNING: Conexión abierta [] []
[2023-04-26T16:59:42.751203+00:00] default.WARNING: Conexión cerrada [] []
[2023-04-26T16:59:55.711121+00:00] default.WARNING: Conexión abierta [] []
[2023-04-26T16:59:55.714379+00:00] default.WARNING: Conexión cerrada [] []
[2023-04-26T16:59:55.718499+00:00] default.WARNING: Conexión abierta [] []
[2023-04-26T16:59:55.719690+00:00] default.WARNING: Conexión cerrada [] []
[2023-04-26T17:01:00.519162+00:00] default.WARNING: Conexión abierta [] []
[2023-04-26T17:01:00.521215+00:00] default.WARNING: Conexión cerrada [] []
[2023-04-26T17:08:26.737081+00:00] default.WARNING: Conexión abierta [] []
[2023-04-26T17:08:26.744594+00:00] default.WARNING: Conexión cerrada [] []
[2023-04-26T17:08:30.650754+00:00] default.WARNING: Conexión abierta [] []
[2023-04-26T17:08:30.651610+00:00] default.WARNING: Conexión cerrada [] []
[2023-04-26T17:08:30.657269+00:00] default.WARNING: Conexión abierta [] []
[2023-04-26T17:08:30.658606+00:00] default.WARNING: Conexión cerrada [] []
[2023-04-26T17:08:32.925755+00:00] default.WARNING: Conexión abierta [] []
[2023-04-26T17:08:32.926852+00:00] default.WARNING: Conexión cerrada [] []
[2023-04-26T17:08:32.930966+00:00] default.WARNING: Conexión abierta [] []
[2023-04-26T17:08:32.931798+00:00] default.WARNING: Conexión cerrada [] []
[2023-04-26T17:17:13.031703+00:00] default.WARNING: Conexión abierta [] []
[2023-04-26T17:17:13.036972+00:00] default.WARNING: Conexión cerrada [] []
[2023-04-26T17:17:37.133603+00:00] default.WARNING: Conexión abierta [] []
[2023-04-26T17:17:37.136280+00:00] default.WARNING: Conexión cerrada [] []
[2023-04-26T17:17:52.215223+00:00] default.WARNING: Conexión abierta [] []
[2023-04-26T17:17:52.218419+00:00] default.WARNING: Conexión cerrada [] []
[2023-04-26T17:17:52.223913+00:00] default.WARNING: Conexión abierta [] []
[2023-04-26T17:17:52.225770+00:00] default.WARNING: Conexión cerrada [] []
